0 info it worked if it ends with ok
1 verbose cli [ '/Users/regan/.nvm/v0.10.33/bin/node',
1 verbose cli   '/Users/regan/.nvm/v0.10.33/bin/npm',
1 verbose cli   'install',
1 verbose cli   '­­save',
1 verbose cli   'request',
1 verbose cli   'cheerio' ]
2 info using npm@1.4.28
3 info using node@v0.10.33
4 warn package.json node-web-scraper@1.0.0 No description
5 warn package.json node-web-scraper@1.0.0 No README data
6 verbose readDependencies using package.json deps
7 verbose cache add [ '­­save', null ]
8 verbose cache add name=undefined spec="­­save" args=["­­save",null]
9 verbose parsed url { protocol: null,
9 verbose parsed url   slashes: null,
9 verbose parsed url   auth: null,
9 verbose parsed url   host: null,
9 verbose parsed url   port: null,
9 verbose parsed url   hostname: null,
9 verbose parsed url   hash: null,
9 verbose parsed url   search: null,
9 verbose parsed url   query: null,
9 verbose parsed url   pathname: '­­save',
9 verbose parsed url   path: '­­save',
9 verbose parsed url   href: '­­save' }
10 verbose cache add [ 'request', null ]
11 verbose cache add name=undefined spec="request" args=["request",null]
12 verbose parsed url { protocol: null,
12 verbose parsed url   slashes: null,
12 verbose parsed url   auth: null,
12 verbose parsed url   host: null,
12 verbose parsed url   port: null,
12 verbose parsed url   hostname: null,
12 verbose parsed url   hash: null,
12 verbose parsed url   search: null,
12 verbose parsed url   query: null,
12 verbose parsed url   pathname: 'request',
12 verbose parsed url   path: 'request',
12 verbose parsed url   href: 'request' }
13 verbose cache add [ 'cheerio', null ]
14 verbose cache add name=undefined spec="cheerio" args=["cheerio",null]
15 verbose parsed url { protocol: null,
15 verbose parsed url   slashes: null,
15 verbose parsed url   auth: null,
15 verbose parsed url   host: null,
15 verbose parsed url   port: null,
15 verbose parsed url   hostname: null,
15 verbose parsed url   hash: null,
15 verbose parsed url   search: null,
15 verbose parsed url   query: null,
15 verbose parsed url   pathname: 'cheerio',
15 verbose parsed url   path: 'cheerio',
15 verbose parsed url   href: 'cheerio' }
16 silly lockFile 2e8073b1-save ­­save
17 verbose lock ­­save /Users/regan/.npm/2e8073b1-save.lock
18 silly lockFile 088e29b0-request request
19 verbose lock request /Users/regan/.npm/088e29b0-request.lock
20 silly lockFile efb58830-cheerio cheerio
21 verbose lock cheerio /Users/regan/.npm/efb58830-cheerio.lock
22 silly lockFile 2e8073b1-save ­­save
23 silly lockFile 2e8073b1-save ­­save
24 silly lockFile 088e29b0-request request
25 silly lockFile 088e29b0-request request
26 silly lockFile efb58830-cheerio cheerio
27 silly lockFile efb58830-cheerio cheerio
28 verbose addNamed [ '­­save', '' ]
29 verbose addNamed [ null, '*' ]
30 silly lockFile b1a364bc-save ­­save@
31 verbose lock ­­save@ /Users/regan/.npm/b1a364bc-save.lock
32 verbose addNamed [ 'request', '' ]
33 verbose addNamed [ null, '*' ]
34 silly lockFile 9d461bcf-request request@
35 verbose lock request@ /Users/regan/.npm/9d461bcf-request.lock
36 verbose addNamed [ 'cheerio', '' ]
37 verbose addNamed [ null, '*' ]
38 silly lockFile 8cd5cc09-cheerio cheerio@
39 verbose lock cheerio@ /Users/regan/.npm/8cd5cc09-cheerio.lock
40 silly addNameRange { name: '­­save', range: '*', hasData: false }
41 silly addNameRange { name: 'request', range: '*', hasData: false }
42 verbose request where is /­­save
43 verbose request registry https://registry.npmjs.org/
44 verbose request id 1d1a67839c99b433
45 verbose url raw /­­save
46 verbose url resolving [ 'https://registry.npmjs.org/', './%C2%AD%C2%ADsave' ]
47 verbose url resolved https://registry.npmjs.org/%C2%AD%C2%ADsave
48 verbose request where is https://registry.npmjs.org/%C2%AD%C2%ADsave
49 info trying registry request attempt 1 at 11:59:03
50 http GET https://registry.npmjs.org/%C2%AD%C2%ADsave
51 silly addNameRange { name: 'cheerio', range: '*', hasData: false }
52 verbose request where is /request
53 verbose request registry https://registry.npmjs.org/
54 verbose url raw /request
55 verbose url resolving [ 'https://registry.npmjs.org/', './request' ]
56 verbose url resolved https://registry.npmjs.org/request
57 verbose request where is https://registry.npmjs.org/request
58 info trying registry request attempt 1 at 11:59:03
59 verbose etag "2MXCYNMCNH7U602O8ZNKRKNTB"
60 http GET https://registry.npmjs.org/request
61 verbose request where is /cheerio
62 verbose request registry https://registry.npmjs.org/
63 verbose url raw /cheerio
64 verbose url resolving [ 'https://registry.npmjs.org/', './cheerio' ]
65 verbose url resolved https://registry.npmjs.org/cheerio
66 verbose request where is https://registry.npmjs.org/cheerio
67 info trying registry request attempt 1 at 11:59:03
68 verbose etag "8RPR38QVX7O4KFC4IP1QW4H4K"
69 http GET https://registry.npmjs.org/cheerio
70 http 304 https://registry.npmjs.org/request
71 silly registry.get cb [ 304,
71 silly registry.get   { date: 'Tue, 09 Dec 2014 19:59:03 GMT',
71 silly registry.get     server: 'Apache',
71 silly registry.get     via: '1.1 varnish',
71 silly registry.get     'last-modified': 'Tue, 09 Dec 2014 19:58:25 GMT',
71 silly registry.get     'cache-control': 'max-age=60',
71 silly registry.get     etag: '"2MXCYNMCNH7U602O8ZNKRKNTB"',
71 silly registry.get     age: '52',
71 silly registry.get     'x-served-by': 'cache-sjc3132-SJC',
71 silly registry.get     'x-cache': 'HIT',
71 silly registry.get     'x-cache-hits': '4',
71 silly registry.get     'x-timer': 'S1418155143.849308,VS0,VE0',
71 silly registry.get     vary: 'Accept',
71 silly registry.get     'content-length': '0',
71 silly registry.get     'keep-alive': 'timeout=10, max=50',
71 silly registry.get     connection: 'Keep-Alive' } ]
72 verbose etag https://registry.npmjs.org/request from cache
73 http 404 https://registry.npmjs.org/%C2%AD%C2%ADsave
74 verbose headers { date: 'Tue, 09 Dec 2014 19:59:03 GMT',
74 verbose headers   server: 'CouchDB/1.5.0 (Erlang OTP/R16B03)',
74 verbose headers   'content-type': 'application/json',
74 verbose headers   'cache-control': 'max-age=0',
74 verbose headers   'content-length': '52',
74 verbose headers   'accept-ranges': 'bytes',
74 verbose headers   via: '1.1 varnish',
74 verbose headers   age: '0',
74 verbose headers   'x-served-by': 'cache-sjc3126-SJC',
74 verbose headers   'x-cache': 'MISS',
74 verbose headers   'x-cache-hits': '0',
74 verbose headers   'x-timer': 'S1418155143.839946,VS0,VE36',
74 verbose headers   'keep-alive': 'timeout=10, max=50',
74 verbose headers   connection: 'Keep-Alive' }
75 silly registry.get cb [ 404,
75 silly registry.get   { date: 'Tue, 09 Dec 2014 19:59:03 GMT',
75 silly registry.get     server: 'CouchDB/1.5.0 (Erlang OTP/R16B03)',
75 silly registry.get     'content-type': 'application/json',
75 silly registry.get     'cache-control': 'max-age=0',
75 silly registry.get     'content-length': '52',
75 silly registry.get     'accept-ranges': 'bytes',
75 silly registry.get     via: '1.1 varnish',
75 silly registry.get     age: '0',
75 silly registry.get     'x-served-by': 'cache-sjc3126-SJC',
75 silly registry.get     'x-cache': 'MISS',
75 silly registry.get     'x-cache-hits': '0',
75 silly registry.get     'x-timer': 'S1418155143.839946,VS0,VE36',
75 silly registry.get     'keep-alive': 'timeout=10, max=50',
75 silly registry.get     connection: 'Keep-Alive' } ]
76 silly lockFile b1a364bc-save ­­save@
77 silly lockFile b1a364bc-save ­­save@
78 silly addNameRange number 2 { name: 'request', range: '*', hasData: true }
79 silly addNameRange versions [ 'request',
79 silly addNameRange   [ '0.10.0',
79 silly addNameRange     '0.8.3',
79 silly addNameRange     '0.9.0',
79 silly addNameRange     '0.9.1',
79 silly addNameRange     '0.9.5',
79 silly addNameRange     '1.0.0',
79 silly addNameRange     '1.1.0',
79 silly addNameRange     '1.1.1',
79 silly addNameRange     '1.2.0',
79 silly addNameRange     '1.9.0',
79 silly addNameRange     '1.9.1',
79 silly addNameRange     '1.9.2',
79 silly addNameRange     '1.9.3',
79 silly addNameRange     '1.9.5',
79 silly addNameRange     '1.9.7',
79 silly addNameRange     '1.9.8',
79 silly addNameRange     '1.9.9',
79 silly addNameRange     '2.0.0',
79 silly addNameRange     '2.0.1',
79 silly addNameRange     '2.0.2',
79 silly addNameRange     '2.0.3',
79 silly addNameRange     '2.0.4',
79 silly addNameRange     '2.0.5',
79 silly addNameRange     '2.1.0',
79 silly addNameRange     '2.1.1',
79 silly addNameRange     '2.2.0',
79 silly addNameRange     '2.2.5',
79 silly addNameRange     '2.2.6',
79 silly addNameRange     '2.2.9',
79 silly addNameRange     '2.9.0',
79 silly addNameRange     '2.9.1',
79 silly addNameRange     '2.9.2',
79 silly addNameRange     '2.9.3',
79 silly addNameRange     '2.9.100',
79 silly addNameRange     '2.9.150',
79 silly addNameRange     '2.9.151',
79 silly addNameRange     '2.9.152',
79 silly addNameRange     '2.9.153',
79 silly addNameRange     '2.9.200',
79 silly addNameRange     '2.9.201',
79 silly addNameRange     '2.9.202',
79 silly addNameRange     '2.9.203',
79 silly addNameRange     '2.10.0',
79 silly addNameRange     '2.11.0',
79 silly addNameRange     '2.11.1',
79 silly addNameRange     '2.11.2',
79 silly addNameRange     '2.11.3',
79 silly addNameRange     '2.11.4',
79 silly addNameRange     '2.12.0',
79 silly addNameRange     '2.14.0',
79 silly addNameRange     '2.16.0',
79 silly addNameRange     '2.16.2',
79 silly addNameRange     '2.16.4',
79 silly addNameRange     '2.16.6',
79 silly addNameRange     '2.18.0',
79 silly addNameRange     '2.19.0',
79 silly addNameRange     '2.20.0',
79 silly addNameRange     '2.21.0',
79 silly addNameRange     '2.22.0',
79 silly addNameRange     '2.23.0',
79 silly addNameRange     '2.24.0',
79 silly addNameRange     '2.25.0',
79 silly addNameRange     '2.26.0',
79 silly addNameRange     '2.27.0',
79 silly addNameRange     '2.28.0',
79 silly addNameRange     '2.29.0',
79 silly addNameRange     '2.30.0',
79 silly addNameRange     '2.31.0',
79 silly addNameRange     '2.32.0',
79 silly addNameRange     '2.33.0',
79 silly addNameRange     '2.34.0',
79 silly addNameRange     '2.35.0',
79 silly addNameRange     '2.36.0',
79 silly addNameRange     '2.37.0',
79 silly addNameRange     '2.38.0',
79 silly addNameRange     '2.39.0',
79 silly addNameRange     '2.40.0',
79 silly addNameRange     '2.41.0',
79 silly addNameRange     '2.42.0',
79 silly addNameRange     '2.43.0',
79 silly addNameRange     '2.44.0',
79 silly addNameRange     '2.45.0',
79 silly addNameRange     '2.46.0',
79 silly addNameRange     '2.47.0',
79 silly addNameRange     '2.48.0',
79 silly addNameRange     '2.49.0',
79 silly addNameRange     '2.50.0' ] ]
80 verbose addNamed [ 'request', '2.50.0' ]
81 verbose addNamed [ '2.50.0', '2.50.0' ]
82 silly lockFile 7a2f4621-request-2-50-0 request@2.50.0
83 verbose lock request@2.50.0 /Users/regan/.npm/7a2f4621-request-2-50-0.lock
84 silly lockFile 7a2f4621-request-2-50-0 request@2.50.0
85 silly lockFile 7a2f4621-request-2-50-0 request@2.50.0
86 silly lockFile 9d461bcf-request request@
87 silly lockFile 9d461bcf-request request@
88 http 304 https://registry.npmjs.org/cheerio
89 silly registry.get cb [ 304,
89 silly registry.get   { date: 'Tue, 09 Dec 2014 19:59:03 GMT',
89 silly registry.get     server: 'Apache',
89 silly registry.get     via: '1.1 varnish',
89 silly registry.get     'last-modified': 'Tue, 09 Dec 2014 19:59:03 GMT',
89 silly registry.get     'cache-control': 'max-age=60',
89 silly registry.get     etag: '"8RPR38QVX7O4KFC4IP1QW4H4K"',
89 silly registry.get     age: '0',
89 silly registry.get     'x-served-by': 'cache-sjc3123-SJC',
89 silly registry.get     'x-cache': 'HIT',
89 silly registry.get     'x-cache-hits': '1',
89 silly registry.get     'x-timer': 'S1418155143.841436,VS0,VE85',
89 silly registry.get     vary: 'Accept',
89 silly registry.get     'content-length': '0',
89 silly registry.get     'keep-alive': 'timeout=10, max=50',
89 silly registry.get     connection: 'Keep-Alive' } ]
90 verbose etag https://registry.npmjs.org/cheerio from cache
91 silly addNameRange number 2 { name: 'cheerio', range: '*', hasData: true }
92 silly addNameRange versions [ 'cheerio',
92 silly addNameRange   [ '0.0.1',
92 silly addNameRange     '0.0.2',
92 silly addNameRange     '0.0.3',
92 silly addNameRange     '0.0.4',
92 silly addNameRange     '0.1.1',
92 silly addNameRange     '0.1.2',
92 silly addNameRange     '0.1.3',
92 silly addNameRange     '0.1.4',
92 silly addNameRange     '0.1.5',
92 silly addNameRange     '0.2.0',
92 silly addNameRange     '0.2.1',
92 silly addNameRange     '0.2.2',
92 silly addNameRange     '0.3.0',
92 silly addNameRange     '0.3.1',
92 silly addNameRange     '0.3.2',
92 silly addNameRange     '0.4.0',
92 silly addNameRange     '0.4.1',
92 silly addNameRange     '0.4.2',
92 silly addNameRange     '0.5.0',
92 silly addNameRange     '0.5.1',
92 silly addNameRange     '0.5.2',
92 silly addNameRange     '0.6.0',
92 silly addNameRange     '0.6.1',
92 silly addNameRange     '0.6.2',
92 silly addNameRange     '0.7.0',
92 silly addNameRange     '0.8.0',
92 silly addNameRange     '0.8.1',
92 silly addNameRange     '0.8.2',
92 silly addNameRange     '0.8.3',
92 silly addNameRange     '0.9.0',
92 silly addNameRange     '0.9.1',
92 silly addNameRange     '0.9.2',
92 silly addNameRange     '0.10.0',
92 silly addNameRange     '0.10.1',
92 silly addNameRange     '0.10.2',
92 silly addNameRange     '0.10.3',
92 silly addNameRange     '0.10.4',
92 silly addNameRange     '0.10.5',
92 silly addNameRange     '0.10.6',
92 silly addNameRange     '0.10.7',
92 silly addNameRange     '0.10.8',
92 silly addNameRange     '0.11.0',
92 silly addNameRange     '0.12.0',
92 silly addNameRange     '0.12.1',
92 silly addNameRange     '0.12.2',
92 silly addNameRange     '0.12.3',
92 silly addNameRange     '0.12.4',
92 silly addNameRange     '0.13.0',
92 silly addNameRange     '0.13.1',
92 silly addNameRange     '0.14.0',
92 silly addNameRange     '0.15.0',
92 silly addNameRange     '0.16.0',
92 silly addNameRange     '0.17.0',
92 silly addNameRange     '0.18.0' ] ]
93 verbose addNamed [ 'cheerio', '0.18.0' ]
94 verbose addNamed [ '0.18.0', '0.18.0' ]
95 silly lockFile 6b7368ff-cheerio-0-18-0 cheerio@0.18.0
96 verbose lock cheerio@0.18.0 /Users/regan/.npm/6b7368ff-cheerio-0-18-0.lock
97 silly lockFile 6b7368ff-cheerio-0-18-0 cheerio@0.18.0
98 silly lockFile 6b7368ff-cheerio-0-18-0 cheerio@0.18.0
99 silly lockFile 8cd5cc09-cheerio cheerio@
100 silly lockFile 8cd5cc09-cheerio cheerio@
101 error 404 404 Not Found: %C2%AD%C2%ADsave
101 error 404
101 error 404 '%C2%AD%C2%ADsave' is not in the npm registry.
101 error 404 You should bug the author to publish it
101 error 404 It was specified as a dependency of 'node-web-scraper'
101 error 404
101 error 404 Note that you can also install from a
101 error 404 tarball, folder, or http url, or git url.
102 error System Darwin 14.0.0
103 error command "/Users/regan/.nvm/v0.10.33/bin/node" "/Users/regan/.nvm/v0.10.33/bin/npm" "install" "­­save" "request" "cheerio"
104 error cwd /Users/regan/lighthouse/node-web-scraper
105 error node -v v0.10.33
106 error npm -v 1.4.28
107 error code E404
108 verbose exit [ 1, true ]
